2017-01-02 21:14:55,730 [Thread-2:20476] [blog.views:62] [views:archive] [ERROR]- 'WSGIRequest' object has no attribute 'url'
2017-01-05 23:05:09,378 [Thread-5:12948] [blog.views:69] [views:biaoqian] [ERROR]- 'QuerySet' object has no attribute 'article'
2017-01-05 23:05:44,734 [Thread-2:13092] [blog.views:71] [views:biaoqian] [ERROR]- 'QuerySet' object has no attribute 'article'
2017-01-05 23:06:04,661 [Thread-2:12548] [blog.views:72] [views:biaoqian] [ERROR]- 'QuerySet' object has no attribute 'article'
2017-01-05 23:08:52,417 [Thread-2:4464] [blog.views:72] [views:biaoqian] [ERROR]- 'QuerySet' object has no attribute 'tag'
2017-01-05 23:11:16,474 [Thread-3:5100] [blog.views:72] [views:biaoqian] [ERROR]- 'QuerySet' object has no attribute 'article_set'
2017-01-05 23:11:22,858 [Thread-6:12952] [blog.views:72] [views:biaoqian] [ERROR]- 'QuerySet' object has no attribute 'article_set'
2017-01-05 23:13:35,065 [Thread-2:13160] [blog.views:72] [views:biaoqian] [ERROR]- 'QuerySet' object has no attribute 'article_id_set'
2017-01-05 23:14:29,121 [Thread-5:7016] [blog.views:72] [views:biaoqian] [ERROR]- 'QuerySet' object has no attribute 'article_id_set'
2017-01-05 23:19:13,505 [Thread-2:9196] [blog.views:72] [views:biaoqian] [ERROR]- 'QuerySet' object has no attribute 'article'
2017-01-05 23:19:39,342 [Thread-2:6496] [blog.views:72] [views:biaoqian] [ERROR]- 'QuerySet' object has no attribute 'article'
2017-01-05 23:20:08,132 [Thread-2:9656] [blog.views:72] [views:biaoqian] [ERROR]- 'QuerySet' object has no attribute 'article_set'
2017-01-05 23:24:39,691 [Thread-2:13364] [blog.views:72] [views:biaoqian] [ERROR]- type object 'Article' has no attribute 'tag_obj'
2017-01-05 23:25:19,601 [Thread-3:1324] [blog.views:72] [views:biaoqian] [ERROR]- 'QuerySet' object has no attribute 'article_set'
2017-01-05 23:29:18,723 [Thread-2:3148] [blog.views:68] [views:biaoqian] [ERROR]- Tag matching query does not exist.
2017-01-06 20:38:33,286 [Thread-2:12088] [blog.views:51] [views:index] [ERROR]- global name 'Paginator' is not defined
2017-01-06 20:39:14,354 [Thread-4:12900] [blog.views:51] [views:index] [ERROR]- global name 'Paginator' is not defined
2017-01-06 20:39:31,690 [Thread-5:6648] [blog.views:51] [views:index] [ERROR]- global name 'Paginator' is not defined
2017-01-06 20:39:39,286 [Thread-26:5020] [blog.views:63] [views:archive] [ERROR]- global name 'Paginator' is not defined
2017-01-06 20:39:41,506 [Thread-29:14324] [blog.views:63] [views:archive] [ERROR]- global name 'Paginator' is not defined
2017-01-06 20:39:50,615 [Thread-38:6112] [blog.views:76] [views:biaoqian] [ERROR]- global name 'Paginator' is not defined
2017-01-06 20:45:17,717 [Thread-2:11276] [blog.views:51] [views:index] [ERROR]- global name 'Paginator' is not defined
2017-01-06 20:45:29,408 [Thread-2:11520] [blog.views:51] [views:index] [ERROR]- global name 'Paginator' is not defined
2017-01-06 20:45:58,505 [Thread-2:1764] [blog.views:64] [views:index] [ERROR]- global name 'Paginator' is not defined
2017-01-06 20:48:28,891 [Thread-49:12776] [blog.views:90] [views:biaoqian] [ERROR]- Tag matching query does not exist.
2017-01-06 20:48:39,523 [Thread-54:5028] [blog.views:90] [views:biaoqian] [ERROR]- Tag matching query does not exist.
2017-01-06 20:48:48,119 [Thread-60:5804] [blog.views:90] [views:biaoqian] [ERROR]- Tag matching query does not exist.
2017-01-06 20:49:50,530 [Thread-66:32] [blog.views:90] [views:biaoqian] [ERROR]- Tag matching query does not exist.
2017-01-06 20:51:51,740 [Thread-134:7124] [blog.views:90] [views:biaoqian] [ERROR]- Tag matching query does not exist.
2017-01-06 20:51:53,385 [Thread-137:2484] [blog.views:90] [views:biaoqian] [ERROR]- Tag matching query does not exist.
