2017-01-02 11:40:30,528 [Dummy-1:10040] [django.db.backends:89] [utils:execute] [DEBUG]- (0.005) QUERY = "\n            SELECT name, type FROM sqlite_master\n            WHERE type in ('table', 'view') AND NOT name='sqlite_sequence'\n            ORDER BY name" - PARAMS = (); args=None
2017-01-02 11:40:30,558 [Dummy-1:10040] [django.db.backends:89] [utils:execute] [DEBUG]- (0.000) QUERY = u'SELECT "django_migrations"."app", "django_migrations"."name" FROM "django_migrations"' - PARAMS = (); args=()
2017-01-02 12:17:03,887 [Dummy-1:7248] [django.db.backends:89] [utils:execute] [DEBUG]- (0.000) QUERY = "\n            SELECT name, type FROM sqlite_master\n            WHERE type in ('table', 'view') AND NOT name='sqlite_sequence'\n            ORDER BY name" - PARAMS = (); args=None
2017-01-02 12:17:03,910 [Dummy-1:7248] [django.db.backends:89] [utils:execute] [DEBUG]- (0.001) QUERY = u'SELECT "django_migrations"."app", "django_migrations"."name" FROM "django_migrations"' - PARAMS = (); args=()
2017-01-02 12:17:12,680 [Dummy-1:5640] [django.db.backends:89] [utils:execute] [DEBUG]- (0.000) QUERY = "\n            SELECT name, type FROM sqlite_master\n            WHERE type in ('table', 'view') AND NOT name='sqlite_sequence'\n            ORDER BY name" - PARAMS = (); args=None
2017-01-02 12:17:12,693 [Dummy-1:5640] [django.db.backends:89] [utils:execute] [DEBUG]- (0.001) QUERY = u'SELECT "django_migrations"."app", "django_migrations"."name" FROM "django_migrations"' - PARAMS = (); args=()
2017-01-02 12:25:37,075 [Dummy-1:11420] [django.db.backends:89] [utils:execute] [DEBUG]- (0.000) SET SQL_AUTO_IS_NULL = 0; args=None
2017-01-02 12:25:37,131 [Dummy-1:11420] [django.db.backends:89] [utils:execute] [DEBUG]- (0.000) SET SQL_AUTO_IS_NULL = 0; args=None
2017-01-02 12:25:37,259 [Dummy-1:11420] [django.db.backends:89] [utils:execute] [DEBUG]- (0.122) SHOW FULL TABLES; args=None
2017-01-02 12:25:37,342 [Dummy-1:11420] [django.db.backends:89] [utils:execute] [DEBUG]- (0.058) SELECT `django_migrations`.`app`, `django_migrations`.`name` FROM `django_migrations`; args=()
2017-01-02 12:34:08,210 [MainThread:5132] [django.db.backends:89] [utils:execute] [DEBUG]- (0.000) SET SQL_AUTO_IS_NULL = 0; args=None
2017-01-02 12:34:40,236 [MainThread:9696] [django.db.backends:89] [utils:execute] [DEBUG]- (0.000) SET SQL_AUTO_IS_NULL = 0; args=None
2017-01-02 12:36:16,582 [MainThread:992] [django.db.backends:89] [utils:execute] [DEBUG]- (0.000) SET SQL_AUTO_IS_NULL = 0; args=None
2017-01-02 12:41:28,928 [MainThread:1008] [django.db.backends:89] [utils:execute] [DEBUG]- (0.000) SET SQL_AUTO_IS_NULL = 0; args=None
2017-01-02 12:41:35,924 [MainThread:8876] [django.db.backends:89] [utils:execute] [DEBUG]- (0.001) SET SQL_AUTO_IS_NULL = 0; args=None
2017-01-02 12:41:35,980 [MainThread:8876] [django.db.backends:89] [utils:execute] [DEBUG]- (0.000) SET SQL_AUTO_IS_NULL = 0; args=None
2017-01-02 12:41:35,986 [MainThread:8876] [django.db.backends:89] [utils:execute] [DEBUG]- (0.001) SHOW FULL TABLES; args=None
2017-01-02 12:41:35,992 [MainThread:8876] [django.db.backends.schema:102] [schema:execute] [DEBUG]- CREATE TABLE `django_migrations` (`id` integer AUTO_INCREMENT NOT NULL PRIMARY KEY, `app` varchar(255) NOT NULL, `name` varchar(255) NOT NULL, `applied` datetime(6) NOT NULL); (params None)
2017-01-02 12:41:36,085 [MainThread:8876] [django.db.backends:89] [utils:execute] [DEBUG]- (0.086) CREATE TABLE `django_migrations` (`id` integer AUTO_INCREMENT NOT NULL PRIMARY KEY, `app` varchar(255) NOT NULL, `name` varchar(255) NOT NULL, `applied` datetime(6) NOT NULL); args=None
2017-01-02 12:41:36,119 [MainThread:8876] [django.db.backends:89] [utils:execute] [DEBUG]- (0.025) SELECT engine FROM information_schema.tables WHERE table_name = 'django_migrations'; args=[u'django_migrations']
2017-01-02 12:41:36,144 [MainThread:8876] [django.db.backends:89] [utils:execute] [DEBUG]- (0.002) SELECT `django_migrations`.`app`, `django_migrations`.`name` FROM `django_migrations`; args=()
2017-01-02 12:41:36,157 [MainThread:8876] [django.db.backends:89] [utils:execute] [DEBUG]- (0.001) SHOW FULL TABLES; args=None
2017-01-02 12:41:36,467 [MainThread:8876] [django.db.backends:89] [utils:execute] [DEBUG]- (0.001) SET foreign_key_checks=0; args=None
2017-01-02 12:41:36,473 [MainThread:8876] [django.db.backends:89] [utils:execute] [DEBUG]- (0.001) SET foreign_key_checks=1; args=None
2017-01-02 12:41:36,482 [MainThread:8876] [django.db.backends:89] [utils:execute] [DEBUG]- (0.000) SET SQL_AUTO_IS_NULL = 0; args=None
2017-01-02 12:41:36,486 [MainThread:8876] [django.db.backends:89] [utils:execute] [DEBUG]- (0.000) SET foreign_key_checks=0; args=None
2017-01-02 12:41:36,493 [MainThread:8876] [django.db.backends:89] [utils:execute] [DEBUG]- (0.000) SET foreign_key_checks=1; args=None
2017-01-02 12:41:36,678 [MainThread:8876] [django.db.backends.schema:102] [schema:execute] [DEBUG]- CREATE TABLE `django_content_type` (`id` integer AUTO_INCREMENT NOT NULL PRIMARY KEY, `name` varchar(100) NOT NULL, `app_label` varchar(100) NOT NULL, `model` varchar(100) NOT NULL); (params None)
2017-01-02 12:41:36,690 [MainThread:8876] [django.db.backends:89] [utils:execute] [DEBUG]- (0.000) SET SQL_AUTO_IS_NULL = 0; args=None
2017-01-02 12:41:36,736 [MainThread:8876] [django.db.backends:89] [utils:execute] [DEBUG]- (0.041) CREATE TABLE `django_content_type` (`id` integer AUTO_INCREMENT NOT NULL PRIMARY KEY, `name` varchar(100) NOT NULL, `app_label` varchar(100) NOT NULL, `model` varchar(100) NOT NULL); args=None
2017-01-02 12:41:36,760 [MainThread:8876] [django.db.backends:89] [utils:execute] [DEBUG]- (0.018) SELECT engine FROM information_schema.tables WHERE table_name = 'django_content_type'; args=[u'django_content_type']
2017-01-02 12:41:36,769 [MainThread:8876] [django.db.backends.schema:102] [schema:execute] [DEBUG]- ALTER TABLE `django_content_type` ADD CONSTRAINT `django_content_type_app_label_3ec8c61c_uniq` UNIQUE (`app_label`, `model`); (params [])
2017-01-02 12:41:36,811 [MainThread:8876] [django.db.backends:89] [utils:execute] [DEBUG]- (0.035) ALTER TABLE `django_content_type` ADD CONSTRAINT `django_content_type_app_label_3ec8c61c_uniq` UNIQUE (`app_label`, `model`); args=[]
2017-01-02 12:41:36,818 [MainThread:8876] [django.db.backends:89] [utils:execute] [DEBUG]- (0.001) SHOW FULL TABLES; args=None
2017-01-02 12:41:36,828 [MainThread:8876] [django.db.backends:89] [utils:execute] [DEBUG]- (0.007) INSERT INTO `django_migrations` (`app`, `name`, `applied`) VALUES ('contenttypes', '0001_initial', '2017-01-02 04:41:36.821000'); args=['contenttypes', u'0001_initial', u'2017-01-02 04:41:36.821000']
2017-01-02 12:41:36,846 [MainThread:8876] [django.db.backends.schema:102] [schema:execute] [DEBUG]- ALTER TABLE `django_content_type` MODIFY `name` varchar(100) NULL; (params [])
2017-01-02 12:41:36,947 [MainThread:8876] [django.db.backends:89] [utils:execute] [DEBUG]- (0.095) ALTER TABLE `django_content_type` MODIFY `name` varchar(100) NULL; args=[]
2017-01-02 12:41:36,956 [MainThread:8876] [django.db.backends.schema:102] [schema:execute] [DEBUG]- ALTER TABLE `django_content_type` DROP COLUMN `name` CASCADE; (params [])
2017-01-02 12:41:37,056 [MainThread:8876] [django.db.backends:89] [utils:execute] [DEBUG]- (0.097) ALTER TABLE `django_content_type` DROP COLUMN `name` CASCADE; args=[]
2017-01-02 12:41:37,065 [MainThread:8876] [django.db.backends:89] [utils:execute] [DEBUG]- (0.002) SHOW FULL TABLES; args=None
2017-01-02 12:41:37,069 [MainThread:8876] [django.db.backends:89] [utils:execute] [DEBUG]- (0.001) INSERT INTO `django_migrations` (`app`, `name`, `applied`) VALUES ('contenttypes', '0002_remove_content_type_name', '2017-01-02 04:41:37.069000'); args=['contenttypes', u'0002_remove_content_type_name', u'2017-01-02 04:41:37.069000']
2017-01-02 12:41:37,092 [MainThread:8876] [django.db.backends.schema:102] [schema:execute] [DEBUG]- CREATE TABLE `auth_permission` (`id` integer AUTO_INCREMENT NOT NULL PRIMARY KEY, `name` varchar(50) NOT NULL, `content_type_id` integer NOT NULL, `codename` varchar(100) NOT NULL, UNIQUE (`content_type_id`, `codename`)); (params None)
2017-01-02 12:41:37,157 [MainThread:8876] [django.db.backends:89] [utils:execute] [DEBUG]- (0.055) CREATE TABLE `auth_permission` (`id` integer AUTO_INCREMENT NOT NULL PRIMARY KEY, `name` varchar(50) NOT NULL, `content_type_id` integer NOT NULL, `codename` varchar(100) NOT NULL, UNIQUE (`content_type_id`, `codename`)); args=None
2017-01-02 12:41:37,184 [MainThread:8876] [django.db.backends:89] [utils:execute] [DEBUG]- (0.018) SELECT engine FROM information_schema.tables WHERE table_name = 'auth_permission'; args=[u'auth_permission']
2017-01-02 12:41:37,194 [MainThread:8876] [django.db.backends.schema:102] [schema:execute] [DEBUG]- CREATE TABLE `auth_group` (`id` integer AUTO_INCREMENT NOT NULL PRIMARY KEY, `name` varchar(80) NOT NULL UNIQUE); (params None)
2017-01-02 12:41:37,249 [MainThread:8876] [django.db.backends:89] [utils:execute] [DEBUG]- (0.047) CREATE TABLE `auth_group` (`id` integer AUTO_INCREMENT NOT NULL PRIMARY KEY, `name` varchar(80) NOT NULL UNIQUE); args=None
2017-01-02 12:41:37,267 [MainThread:8876] [django.db.backends:89] [utils:execute] [DEBUG]- (0.014) SELECT engine FROM information_schema.tables WHERE table_name = 'auth_group'; args=[u'auth_group']
2017-01-02 12:41:37,273 [MainThread:8876] [django.db.backends.schema:102] [schema:execute] [DEBUG]- CREATE TABLE `auth_group_permissions` (`id` integer AUTO_INCREMENT NOT NULL PRIMARY KEY, `group_id` integer NOT NULL, `permission_id` integer NOT NULL, UNIQUE (`group_id`, `permission_id`)); (params None)
2017-01-02 12:41:37,323 [MainThread:8876] [django.db.backends:89] [utils:execute] [DEBUG]- (0.043) CREATE TABLE `auth_group_permissions` (`id` integer AUTO_INCREMENT NOT NULL PRIMARY KEY, `group_id` integer NOT NULL, `permission_id` integer NOT NULL, UNIQUE (`group_id`, `permission_id`)); args=None
2017-01-02 12:41:37,349 [MainThread:8876] [django.db.backends:89] [utils:execute] [DEBUG]- (0.019) SELECT engine FROM information_schema.tables WHERE table_name = 'auth_group_permissions'; args=[u'auth_group_permissions']
2017-01-02 12:41:37,364 [MainThread:8876] [django.db.backends.schema:102] [schema:execute] [DEBUG]- ALTER TABLE `auth_permission` ADD CONSTRAINT `auth_permissi_content_type_id_51277a81_fk_django_content_type_id` FOREIGN KEY (`content_type_id`) REFERENCES `django_content_type` (`id`); (params [])
2017-01-02 12:41:37,523 [MainThread:8876] [django.db.backends:89] [utils:execute] [DEBUG]- (0.151) ALTER TABLE `auth_permission` ADD CONSTRAINT `auth_permissi_content_type_id_51277a81_fk_django_content_type_id` FOREIGN KEY (`content_type_id`) REFERENCES `django_content_type` (`id`); args=[]
2017-01-02 12:41:37,532 [MainThread:8876] [django.db.backends.schema:102] [schema:execute] [DEBUG]- ALTER TABLE `auth_group_permissions` ADD CONSTRAINT `auth_group_permissions_group_id_58c48ba9_fk_auth_group_id` FOREIGN KEY (`group_id`) REFERENCES `auth_group` (`id`); (params [])
2017-01-02 12:41:37,644 [MainThread:8876] [django.db.backends:89] [utils:execute] [DEBUG]- (0.106) ALTER TABLE `auth_group_permissions` ADD CONSTRAINT `auth_group_permissions_group_id_58c48ba9_fk_auth_group_id` FOREIGN KEY (`group_id`) REFERENCES `auth_group` (`id`); args=[]
2017-01-02 12:41:37,651 [MainThread:8876] [django.db.backends.schema:102] [schema:execute] [DEBUG]- ALTER TABLE `auth_group_permissions` ADD CONSTRAINT `auth_group_permissi_permission_id_23962d04_fk_auth_permission_id` FOREIGN KEY (`permission_id`) REFERENCES `auth_permission` (`id`); (params [])
2017-01-02 12:41:37,792 [MainThread:8876] [django.db.backends:89] [utils:execute] [DEBUG]- (0.132) ALTER TABLE `auth_group_permissions` ADD CONSTRAINT `auth_group_permissi_permission_id_23962d04_fk_auth_permission_id` FOREIGN KEY (`permission_id`) REFERENCES `auth_permission` (`id`); args=[]
2017-01-02 12:41:37,802 [MainThread:8876] [django.db.backends:89] [utils:execute] [DEBUG]- (0.002) SHOW FULL TABLES; args=None
2017-01-02 12:41:37,809 [MainThread:8876] [django.db.backends:89] [utils:execute] [DEBUG]- (0.002) INSERT INTO `django_migrations` (`app`, `name`, `applied`) VALUES ('auth', '0001_initial', '2017-01-02 04:41:37.807000'); args=['auth', u'0001_initial', u'2017-01-02 04:41:37.807000']
2017-01-02 12:41:37,828 [MainThread:8876] [django.db.backends.schema:102] [schema:execute] [DEBUG]- ALTER TABLE `auth_permission` MODIFY `name` varchar(255) NOT NULL; (params [])
2017-01-02 12:41:37,930 [MainThread:8876] [django.db.backends:89] [utils:execute] [DEBUG]- (0.097) ALTER TABLE `auth_permission` MODIFY `name` varchar(255) NOT NULL; args=[]
2017-01-02 12:41:37,937 [MainThread:8876] [django.db.backends:89] [utils:execute] [DEBUG]- (0.001) SHOW FULL TABLES; args=None
2017-01-02 12:41:37,941 [MainThread:8876] [django.db.backends:89] [utils:execute] [DEBUG]- (0.001) INSERT INTO `django_migrations` (`app`, `name`, `applied`) VALUES ('auth', '0002_alter_permission_name_max_length', '2017-01-02 04:41:37.940000'); args=['auth', u'0002_alter_permission_name_max_length', u'2017-01-02 04:41:37.940000']
2017-01-02 12:41:37,966 [MainThread:8876] [django.db.backends:89] [utils:execute] [DEBUG]- (0.002) SHOW FULL TABLES; args=None
2017-01-02 12:41:37,970 [MainThread:8876] [django.db.backends:89] [utils:execute] [DEBUG]- (0.001) INSERT INTO `django_migrations` (`app`, `name`, `applied`) VALUES ('auth', '0003_alter_user_email_max_length', '2017-01-02 04:41:37.969000'); args=['auth', u'0003_alter_user_email_max_length', u'2017-01-02 04:41:37.969000']
2017-01-02 12:41:37,997 [MainThread:8876] [django.db.backends:89] [utils:execute] [DEBUG]- (0.001) SHOW FULL TABLES; args=None
2017-01-02 12:41:38,005 [MainThread:8876] [django.db.backends:89] [utils:execute] [DEBUG]- (0.002) INSERT INTO `django_migrations` (`app`, `name`, `applied`) VALUES ('auth', '0004_alter_user_username_opts', '2017-01-02 04:41:38.002000'); args=['auth', u'0004_alter_user_username_opts', u'2017-01-02 04:41:38.002000']
2017-01-02 12:41:38,032 [MainThread:8876] [django.db.backends:89] [utils:execute] [DEBUG]- (0.002) SHOW FULL TABLES; args=None
2017-01-02 12:41:38,042 [MainThread:8876] [django.db.backends:89] [utils:execute] [DEBUG]- (0.001) INSERT INTO `django_migrations` (`app`, `name`, `applied`) VALUES ('auth', '0005_alter_user_last_login_null', '2017-01-02 04:41:38.040000'); args=['auth', u'0005_alter_user_last_login_null', u'2017-01-02 04:41:38.040000']
2017-01-02 12:41:38,055 [MainThread:8876] [django.db.backends:89] [utils:execute] [DEBUG]- (0.001) SHOW FULL TABLES; args=None
2017-01-02 12:41:38,062 [MainThread:8876] [django.db.backends:89] [utils:execute] [DEBUG]- (0.000) INSERT INTO `django_migrations` (`app`, `name`, `applied`) VALUES ('auth', '0006_require_contenttypes_0002', '2017-01-02 04:41:38.060000'); args=['auth', u'0006_require_contenttypes_0002', u'2017-01-02 04:41:38.060000']
2017-01-02 12:41:38,086 [MainThread:8876] [django.db.backends.schema:102] [schema:execute] [DEBUG]- CREATE TABLE `blog_user` (`id` integer AUTO_INCREMENT NOT NULL PRIMARY KEY, `password` varchar(128) NOT NULL, `last_login` datetime(6) NULL, `is_superuser` bool NOT NULL, `username` varchar(30) NOT NULL UNIQUE, `first_name` varchar(30) NOT NULL, `last_name` varchar(30) NOT NULL, `email` varchar(254) NOT NULL, `is_staff` bool NOT NULL, `is_active` bool NOT NULL, `date_joined` datetime(6) NOT NULL, `avatar` varchar(200) NULL, `qq` varchar(20) NULL, `mobile` varchar(11) NULL UNIQUE, `url` varchar(100) NULL); (params None)
2017-01-02 12:41:38,151 [MainThread:8876] [django.db.backends:89] [utils:execute] [DEBUG]- (0.049) CREATE TABLE `blog_user` (`id` integer AUTO_INCREMENT NOT NULL PRIMARY KEY, `password` varchar(128) NOT NULL, `last_login` datetime(6) NULL, `is_superuser` bool NOT NULL, `username` varchar(30) NOT NULL UNIQUE, `first_name` varchar(30) NOT NULL, `last_name` varchar(30) NOT NULL, `email` varchar(254) NOT NULL, `is_staff` bool NOT NULL, `is_active` bool NOT NULL, `date_joined` datetime(6) NOT NULL, `avatar` varchar(200) NULL, `qq` varchar(20) NULL, `mobile` varchar(11) NULL UNIQUE, `url` varchar(100) NULL); args=None
2017-01-02 12:41:38,170 [MainThread:8876] [django.db.backends:89] [utils:execute] [DEBUG]- (0.004) SELECT engine FROM information_schema.tables WHERE table_name = 'blog_user'; args=[u'blog_user']
2017-01-02 12:41:38,177 [MainThread:8876] [django.db.backends.schema:102] [schema:execute] [DEBUG]- CREATE TABLE `blog_user_groups` (`id` integer AUTO_INCREMENT NOT NULL PRIMARY KEY, `user_id` integer NOT NULL, `group_id` integer NOT NULL, UNIQUE (`user_id`, `group_id`)); (params None)
2017-01-02 12:41:38,224 [MainThread:8876] [django.db.backends:89] [utils:execute] [DEBUG]- (0.039) CREATE TABLE `blog_user_groups` (`id` integer AUTO_INCREMENT NOT NULL PRIMARY KEY, `user_id` integer NOT NULL, `group_id` integer NOT NULL, UNIQUE (`user_id`, `group_id`)); args=None
2017-01-02 12:41:38,233 [MainThread:8876] [django.db.backends:89] [utils:execute] [DEBUG]- (0.002) SELECT engine FROM information_schema.tables WHERE table_name = 'blog_user_groups'; args=[u'blog_user_groups']
2017-01-02 12:41:38,240 [MainThread:8876] [django.db.backends.schema:102] [schema:execute] [DEBUG]- CREATE TABLE `blog_user_user_permissions` (`id` integer AUTO_INCREMENT NOT NULL PRIMARY KEY, `user_id` integer NOT NULL, `permission_id` integer NOT NULL, UNIQUE (`user_id`, `permission_id`)); (params None)
2017-01-02 12:41:38,296 [MainThread:8876] [django.db.backends:89] [utils:execute] [DEBUG]- (0.050) CREATE TABLE `blog_user_user_permissions` (`id` integer AUTO_INCREMENT NOT NULL PRIMARY KEY, `user_id` integer NOT NULL, `permission_id` integer NOT NULL, UNIQUE (`user_id`, `permission_id`)); args=None
2017-01-02 12:41:38,305 [MainThread:8876] [django.db.backends:89] [utils:execute] [DEBUG]- (0.002) SELECT engine FROM information_schema.tables WHERE table_name = 'blog_user_user_permissions'; args=[u'blog_user_user_permissions']
2017-01-02 12:41:38,315 [MainThread:8876] [django.db.backends.schema:102] [schema:execute] [DEBUG]- CREATE TABLE `blog_ad` (`id` integer AUTO_INCREMENT NOT NULL PRIMARY KEY, `title` varchar(50) NOT NULL, `description` varchar(200) NOT NULL, `image_url` varchar(100) NOT NULL, `callback_url` varchar(200) NULL, `date_publish` datetime(6) NOT NULL, `index` integer NOT NULL); (params None)
2017-01-02 12:41:38,375 [MainThread:8876] [django.db.backends:89] [utils:execute] [DEBUG]- (0.050) CREATE TABLE `blog_ad` (`id` integer AUTO_INCREMENT NOT NULL PRIMARY KEY, `title` varchar(50) NOT NULL, `description` varchar(200) NOT NULL, `image_url` varchar(100) NOT NULL, `callback_url` varchar(200) NULL, `date_publish` datetime(6) NOT NULL, `index` integer NOT NULL); args=None
2017-01-02 12:41:38,385 [MainThread:8876] [django.db.backends:89] [utils:execute] [DEBUG]- (0.001) SELECT engine FROM information_schema.tables WHERE table_name = 'blog_ad'; args=[u'blog_ad']
2017-01-02 12:41:38,397 [MainThread:8876] [django.db.backends.schema:102] [schema:execute] [DEBUG]- CREATE TABLE `blog_article` (`id` integer AUTO_INCREMENT NOT NULL PRIMARY KEY, `title` varchar(50) NOT NULL, `desc` varchar(50) NOT NULL, `content` longtext NOT NULL, `click_count` integer NOT NULL, `is_recommend` bool NOT NULL, `date_publish` datetime(6) NOT NULL); (params None)
2017-01-02 12:41:38,453 [MainThread:8876] [django.db.backends:89] [utils:execute] [DEBUG]- (0.047) CREATE TABLE `blog_article` (`id` integer AUTO_INCREMENT NOT NULL PRIMARY KEY, `title` varchar(50) NOT NULL, `desc` varchar(50) NOT NULL, `content` longtext NOT NULL, `click_count` integer NOT NULL, `is_recommend` bool NOT NULL, `date_publish` datetime(6) NOT NULL); args=None
2017-01-02 12:41:38,463 [MainThread:8876] [django.db.backends:89] [utils:execute] [DEBUG]- (0.002) SELECT engine FROM information_schema.tables WHERE table_name = 'blog_article'; args=[u'blog_article']
2017-01-02 12:41:38,473 [MainThread:8876] [django.db.backends.schema:102] [schema:execute] [DEBUG]- CREATE TABLE `blog_category` (`id` integer AUTO_INCREMENT NOT NULL PRIMARY KEY, `name` varchar(30) NOT NULL, `index` integer NOT NULL); (params None)
2017-01-02 12:41:38,530 [MainThread:8876] [django.db.backends:89] [utils:execute] [DEBUG]- (0.046) CREATE TABLE `blog_category` (`id` integer AUTO_INCREMENT NOT NULL PRIMARY KEY, `name` varchar(30) NOT NULL, `index` integer NOT NULL); args=None
2017-01-02 12:41:38,539 [MainThread:8876] [django.db.backends:89] [utils:execute] [DEBUG]- (0.002) SELECT engine FROM information_schema.tables WHERE table_name = 'blog_category'; args=[u'blog_category']
2017-01-02 12:41:38,562 [MainThread:8876] [django.db.backends.schema:102] [schema:execute] [DEBUG]- CREATE TABLE `blog_comment` (`id` integer AUTO_INCREMENT NOT NULL PRIMARY KEY, `content` longtext NOT NULL, `username` varchar(30) NULL, `email` varchar(50) NULL, `url` varchar(100) NULL, `date_publish` datetime(6) NOT NULL, `article_id` integer NULL, `pid_id` integer NULL, `user_id` integer NULL); (params None)
2017-01-02 12:41:38,680 [MainThread:8876] [django.db.backends:89] [utils:execute] [DEBUG]- (0.108) CREATE TABLE `blog_comment` (`id` integer AUTO_INCREMENT NOT NULL PRIMARY KEY, `content` longtext NOT NULL, `username` varchar(30) NULL, `email` varchar(50) NULL, `url` varchar(100) NULL, `date_publish` datetime(6) NOT NULL, `article_id` integer NULL, `pid_id` integer NULL, `user_id` integer NULL); args=None
2017-01-02 12:41:38,691 [MainThread:8876] [django.db.backends:89] [utils:execute] [DEBUG]- (0.002) SELECT engine FROM information_schema.tables WHERE table_name = 'blog_comment'; args=[u'blog_comment']
2017-01-02 12:41:38,703 [MainThread:8876] [django.db.backends.schema:102] [schema:execute] [DEBUG]- CREATE TABLE `blog_links` (`id` integer AUTO_INCREMENT NOT NULL PRIMARY KEY, `title` varchar(50) NOT NULL, `description` varchar(200) NOT NULL, `callback_url` varchar(200) NOT NULL, `date_publish` datetime(6) NOT NULL, `index` integer NOT NULL); (params None)
2017-01-02 12:41:38,808 [MainThread:8876] [django.db.backends:89] [utils:execute] [DEBUG]- (0.096) CREATE TABLE `blog_links` (`id` integer AUTO_INCREMENT NOT NULL PRIMARY KEY, `title` varchar(50) NOT NULL, `description` varchar(200) NOT NULL, `callback_url` varchar(200) NOT NULL, `date_publish` datetime(6) NOT NULL, `index` integer NOT NULL); args=None
2017-01-02 12:41:38,816 [MainThread:8876] [django.db.backends:89] [utils:execute] [DEBUG]- (0.002) SELECT engine FROM information_schema.tables WHERE table_name = 'blog_links'; args=[u'blog_links']
2017-01-02 12:41:38,829 [MainThread:8876] [django.db.backends.schema:102] [schema:execute] [DEBUG]- CREATE TABLE `blog_tag` (`id` integer AUTO_INCREMENT NOT NULL PRIMARY KEY, `name` varchar(30) NOT NULL); (params None)
2017-01-02 12:41:38,980 [MainThread:8876] [django.db.backends:89] [utils:execute] [DEBUG]- (0.144) CREATE TABLE `blog_tag` (`id` integer AUTO_INCREMENT NOT NULL PRIMARY KEY, `name` varchar(30) NOT NULL); args=None
2017-01-02 12:41:38,986 [MainThread:8876] [django.db.backends:89] [utils:execute] [DEBUG]- (0.002) SELECT engine FROM information_schema.tables WHERE table_name = 'blog_tag'; args=[u'blog_tag']
2017-01-02 12:41:39,015 [MainThread:8876] [django.db.backends.schema:102] [schema:execute] [DEBUG]- ALTER TABLE `blog_article` ADD COLUMN `category_id` integer NULL; (params [])
2017-01-02 12:41:39,117 [MainThread:8876] [django.db.backends:89] [utils:execute] [DEBUG]- (0.097) ALTER TABLE `blog_article` ADD COLUMN `category_id` integer NULL; args=[]
2017-01-02 12:41:39,122 [MainThread:8876] [django.db.backends.schema:102] [schema:execute] [DEBUG]- ALTER TABLE `blog_article` ALTER COLUMN `category_id` DROP DEFAULT; (params [])
2017-01-02 12:41:39,138 [MainThread:8876] [django.db.backends:89] [utils:execute] [DEBUG]- (0.010) ALTER TABLE `blog_article` ALTER COLUMN `category_id` DROP DEFAULT; args=[]
2017-01-02 12:41:39,187 [MainThread:8876] [django.db.backends.schema:102] [schema:execute] [DEBUG]- CREATE TABLE `blog_article_tag` (`id` integer AUTO_INCREMENT NOT NULL PRIMARY KEY, `article_id` integer NOT NULL, `tag_id` integer NOT NULL, UNIQUE (`article_id`, `tag_id`)); (params None)
2017-01-02 12:41:39,263 [MainThread:8876] [django.db.backends:89] [utils:execute] [DEBUG]- (0.069) CREATE TABLE `blog_article_tag` (`id` integer AUTO_INCREMENT NOT NULL PRIMARY KEY, `article_id` integer NOT NULL, `tag_id` integer NOT NULL, UNIQUE (`article_id`, `tag_id`)); args=None
2017-01-02 12:41:39,272 [MainThread:8876] [django.db.backends:89] [utils:execute] [DEBUG]- (0.002) SELECT engine FROM information_schema.tables WHERE table_name = 'blog_article_tag'; args=[u'blog_article_tag']
2017-01-02 12:41:39,298 [MainThread:8876] [django.db.backends.schema:102] [schema:execute] [DEBUG]- ALTER TABLE `blog_article` ADD COLUMN `user_id` integer NOT NULL; (params [])
2017-01-02 12:41:39,367 [MainThread:8876] [django.db.backends:89] [utils:execute] [DEBUG]- (0.064) ALTER TABLE `blog_article` ADD COLUMN `user_id` integer NOT NULL; args=[]
2017-01-02 12:41:39,371 [MainThread:8876] [django.db.backends.schema:102] [schema:execute] [DEBUG]- ALTER TABLE `blog_article` ALTER COLUMN `user_id` DROP DEFAULT; (params [])
2017-01-02 12:41:39,387 [MainThread:8876] [django.db.backends:89] [utils:execute] [DEBUG]- (0.011) ALTER TABLE `blog_article` ALTER COLUMN `user_id` DROP DEFAULT; args=[]
2017-01-02 12:41:39,391 [MainThread:8876] [django.db.backends.schema:102] [schema:execute] [DEBUG]- ALTER TABLE `blog_user_groups` ADD CONSTRAINT `blog_user_groups_user_id_3a8a3282_fk_blog_user_id` FOREIGN KEY (`user_id`) REFERENCES `blog_user` (`id`); (params [])
2017-01-02 12:41:39,526 [MainThread:8876] [django.db.backends:89] [utils:execute] [DEBUG]- (0.127) ALTER TABLE `blog_user_groups` ADD CONSTRAINT `blog_user_groups_user_id_3a8a3282_fk_blog_user_id` FOREIGN KEY (`user_id`) REFERENCES `blog_user` (`id`); args=[]
2017-01-02 12:41:39,532 [MainThread:8876] [django.db.backends.schema:102] [schema:execute] [DEBUG]- ALTER TABLE `blog_user_groups` ADD CONSTRAINT `blog_user_groups_group_id_17533145_fk_auth_group_id` FOREIGN KEY (`group_id`) REFERENCES `auth_group` (`id`); (params [])
2017-01-02 12:41:39,657 [MainThread:8876] [django.db.backends:89] [utils:execute] [DEBUG]- (0.117) ALTER TABLE `blog_user_groups` ADD CONSTRAINT `blog_user_groups_group_id_17533145_fk_auth_group_id` FOREIGN KEY (`group_id`) REFERENCES `auth_group` (`id`); args=[]
2017-01-02 12:41:39,664 [MainThread:8876] [django.db.backends.schema:102] [schema:execute] [DEBUG]- ALTER TABLE `blog_user_user_permissions` ADD CONSTRAINT `blog_user_user_permissions_user_id_528ed84c_fk_blog_user_id` FOREIGN KEY (`user_id`) REFERENCES `blog_user` (`id`); (params [])
2017-01-02 12:41:40,023 [MainThread:8876] [django.db.backends:89] [utils:execute] [DEBUG]- (0.336) ALTER TABLE `blog_user_user_permissions` ADD CONSTRAINT `blog_user_user_permissions_user_id_528ed84c_fk_blog_user_id` FOREIGN KEY (`user_id`) REFERENCES `blog_user` (`id`); args=[]
2017-01-02 12:41:40,030 [MainThread:8876] [django.db.backends.schema:102] [schema:execute] [DEBUG]- ALTER TABLE `blog_user_user_permissions` ADD CONSTRAINT `blog_user_user_permi_permission_id_7c26d92_fk_auth_permission_id` FOREIGN KEY (`permission_id`) REFERENCES `auth_permission` (`id`); (params [])
2017-01-02 12:41:40,286 [MainThread:8876] [django.db.backends:89] [utils:execute] [DEBUG]- (0.248) ALTER TABLE `blog_user_user_permissions` ADD CONSTRAINT `blog_user_user_permi_permission_id_7c26d92_fk_auth_permission_id` FOREIGN KEY (`permission_id`) REFERENCES `auth_permission` (`id`); args=[]
2017-01-02 12:41:40,295 [MainThread:8876] [django.db.backends.schema:102] [schema:execute] [DEBUG]- ALTER TABLE `blog_comment` ADD CONSTRAINT `blog_comment_article_id_484cf50b_fk_blog_article_id` FOREIGN KEY (`article_id`) REFERENCES `blog_article` (`id`); (params [])
2017-01-02 12:41:40,405 [MainThread:8876] [django.db.backends:89] [utils:execute] [DEBUG]- (0.104) ALTER TABLE `blog_comment` ADD CONSTRAINT `blog_comment_article_id_484cf50b_fk_blog_article_id` FOREIGN KEY (`article_id`) REFERENCES `blog_article` (`id`); args=[]
2017-01-02 12:41:40,411 [MainThread:8876] [django.db.backends.schema:102] [schema:execute] [DEBUG]- ALTER TABLE `blog_comment` ADD CONSTRAINT `blog_comment_pid_id_36aa5e28_fk_blog_comment_id` FOREIGN KEY (`pid_id`) REFERENCES `blog_comment` (`id`); (params [])
2017-01-02 12:41:40,500 [MainThread:8876] [django.db.backends:89] [utils:execute] [DEBUG]- (0.081) ALTER TABLE `blog_comment` ADD CONSTRAINT `blog_comment_pid_id_36aa5e28_fk_blog_comment_id` FOREIGN KEY (`pid_id`) REFERENCES `blog_comment` (`id`); args=[]
2017-01-02 12:41:40,506 [MainThread:8876] [django.db.backends.schema:102] [schema:execute] [DEBUG]- ALTER TABLE `blog_comment` ADD CONSTRAINT `blog_comment_user_id_47f3b573_fk_blog_user_id` FOREIGN KEY (`user_id`) REFERENCES `blog_user` (`id`); (params [])
2017-01-02 12:41:40,611 [MainThread:8876] [django.db.backends:89] [utils:execute] [DEBUG]- (0.097) ALTER TABLE `blog_comment` ADD CONSTRAINT `blog_comment_user_id_47f3b573_fk_blog_user_id` FOREIGN KEY (`user_id`) REFERENCES `blog_user` (`id`); args=[]
2017-01-02 12:41:40,618 [MainThread:8876] [django.db.backends.schema:102] [schema:execute] [DEBUG]- CREATE INDEX `blog_article_b583a629` ON `blog_article` (`category_id`); (params [])
2017-01-02 12:41:40,650 [MainThread:8876] [django.db.backends:89] [utils:execute] [DEBUG]- (0.026) CREATE INDEX `blog_article_b583a629` ON `blog_article` (`category_id`); args=[]
2017-01-02 12:41:40,654 [MainThread:8876] [django.db.backends.schema:102] [schema:execute] [DEBUG]- ALTER TABLE `blog_article` ADD CONSTRAINT `blog_article_category_id_1edad293_fk_blog_category_id` FOREIGN KEY (`category_id`) REFERENCES `blog_category` (`id`); (params [])
2017-01-02 12:41:40,835 [MainThread:8876] [django.db.backends:89] [utils:execute] [DEBUG]- (0.174) ALTER TABLE `blog_article` ADD CONSTRAINT `blog_article_category_id_1edad293_fk_blog_category_id` FOREIGN KEY (`category_id`) REFERENCES `blog_category` (`id`); args=[]
2017-01-02 12:41:40,842 [MainThread:8876] [django.db.backends.schema:102] [schema:execute] [DEBUG]- ALTER TABLE `blog_article_tag` ADD CONSTRAINT `blog_article_tag_article_id_4cf54675_fk_blog_article_id` FOREIGN KEY (`article_id`) REFERENCES `blog_article` (`id`); (params [])
2017-01-02 12:41:40,967 [MainThread:8876] [django.db.backends:89] [utils:execute] [DEBUG]- (0.119) ALTER TABLE `blog_article_tag` ADD CONSTRAINT `blog_article_tag_article_id_4cf54675_fk_blog_article_id` FOREIGN KEY (`article_id`) REFERENCES `blog_article` (`id`); args=[]
2017-01-02 12:41:40,976 [MainThread:8876] [django.db.backends.schema:102] [schema:execute] [DEBUG]- ALTER TABLE `blog_article_tag` ADD CONSTRAINT `blog_article_tag_tag_id_7f711bf5_fk_blog_tag_id` FOREIGN KEY (`tag_id`) REFERENCES `blog_tag` (`id`); (params [])
2017-01-02 12:41:41,092 [MainThread:8876] [django.db.backends:89] [utils:execute] [DEBUG]- (0.111) ALTER TABLE `blog_article_tag` ADD CONSTRAINT `blog_article_tag_tag_id_7f711bf5_fk_blog_tag_id` FOREIGN KEY (`tag_id`) REFERENCES `blog_tag` (`id`); args=[]
2017-01-02 12:41:41,099 [MainThread:8876] [django.db.backends.schema:102] [schema:execute] [DEBUG]- CREATE INDEX `blog_article_e8701ad4` ON `blog_article` (`user_id`); (params [])
2017-01-02 12:41:41,134 [MainThread:8876] [django.db.backends:89] [utils:execute] [DEBUG]- (0.030) CREATE INDEX `blog_article_e8701ad4` ON `blog_article` (`user_id`); args=[]
2017-01-02 12:41:41,140 [MainThread:8876] [django.db.backends.schema:102] [schema:execute] [DEBUG]- ALTER TABLE `blog_article` ADD CONSTRAINT `blog_article_user_id_60c35d4c_fk_blog_user_id` FOREIGN KEY (`user_id`) REFERENCES `blog_user` (`id`); (params [])
2017-01-02 12:41:41,286 [MainThread:8876] [django.db.backends:89] [utils:execute] [DEBUG]- (0.139) ALTER TABLE `blog_article` ADD CONSTRAINT `blog_article_user_id_60c35d4c_fk_blog_user_id` FOREIGN KEY (`user_id`) REFERENCES `blog_user` (`id`); args=[]
2017-01-02 12:41:41,302 [MainThread:8876] [django.db.backends:89] [utils:execute] [DEBUG]- (0.003) SHOW FULL TABLES; args=None
2017-01-02 12:41:41,308 [MainThread:8876] [django.db.backends:89] [utils:execute] [DEBUG]- (0.002) INSERT INTO `django_migrations` (`app`, `name`, `applied`) VALUES ('blog', '0001_initial', '2017-01-02 04:41:41.306000'); args=['blog', u'0001_initial', u'2017-01-02 04:41:41.306000']
2017-01-02 12:41:41,342 [MainThread:8876] [django.db.backends.schema:102] [schema:execute] [DEBUG]- CREATE TABLE `django_admin_log` (`id` integer AUTO_INCREMENT NOT NULL PRIMARY KEY, `action_time` datetime(6) NOT NULL, `object_id` longtext NULL, `object_repr` varchar(200) NOT NULL, `action_flag` smallint UNSIGNED NOT NULL, `change_message` longtext NOT NULL, `content_type_id` integer NULL, `user_id` integer NOT NULL); (params None)
2017-01-02 12:41:41,407 [MainThread:8876] [django.db.backends:89] [utils:execute] [DEBUG]- (0.054) CREATE TABLE `django_admin_log` (`id` integer AUTO_INCREMENT NOT NULL PRIMARY KEY, `action_time` datetime(6) NOT NULL, `object_id` longtext NULL, `object_repr` varchar(200) NOT NULL, `action_flag` smallint UNSIGNED NOT NULL, `change_message` longtext NOT NULL, `content_type_id` integer NULL, `user_id` integer NOT NULL); args=None
2017-01-02 12:41:41,441 [MainThread:8876] [django.db.backends:89] [utils:execute] [DEBUG]- (0.025) SELECT engine FROM information_schema.tables WHERE table_name = 'django_admin_log'; args=[u'django_admin_log']
2017-01-02 12:41:41,447 [MainThread:8876] [django.db.backends.schema:102] [schema:execute] [DEBUG]- ALTER TABLE `django_admin_log` ADD CONSTRAINT `django_admin__content_type_id_5151027a_fk_django_content_type_id` FOREIGN KEY (`content_type_id`) REFERENCES `django_content_type` (`id`); (params [])
2017-01-02 12:41:41,599 [MainThread:8876] [django.db.backends:89] [utils:execute] [DEBUG]- (0.145) ALTER TABLE `django_admin_log` ADD CONSTRAINT `django_admin__content_type_id_5151027a_fk_django_content_type_id` FOREIGN KEY (`content_type_id`) REFERENCES `django_content_type` (`id`); args=[]
2017-01-02 12:41:41,608 [MainThread:8876] [django.db.backends.schema:102] [schema:execute] [DEBUG]- ALTER TABLE `django_admin_log` ADD CONSTRAINT `django_admin_log_user_id_1c5f563_fk_blog_user_id` FOREIGN KEY (`user_id`) REFERENCES `blog_user` (`id`); (params [])
2017-01-02 12:41:41,733 [MainThread:8876] [django.db.backends:89] [utils:execute] [DEBUG]- (0.118) ALTER TABLE `django_admin_log` ADD CONSTRAINT `django_admin_log_user_id_1c5f563_fk_blog_user_id` FOREIGN KEY (`user_id`) REFERENCES `blog_user` (`id`); args=[]
2017-01-02 12:41:41,743 [MainThread:8876] [django.db.backends:89] [utils:execute] [DEBUG]- (0.003) SHOW FULL TABLES; args=None
2017-01-02 12:41:41,746 [MainThread:8876] [django.db.backends:89] [utils:execute] [DEBUG]- (0.001) INSERT INTO `django_migrations` (`app`, `name`, `applied`) VALUES ('admin', '0001_initial', '2017-01-02 04:41:41.746000'); args=['admin', u'0001_initial', u'2017-01-02 04:41:41.746000']
2017-01-02 12:41:41,848 [MainThread:8876] [django.db.backends.schema:102] [schema:execute] [DEBUG]- CREATE TABLE `django_session` (`session_key` varchar(40) NOT NULL PRIMARY KEY, `session_data` longtext NOT NULL, `expire_date` datetime(6) NOT NULL); (params None)
2017-01-02 12:41:41,917 [MainThread:8876] [django.db.backends:89] [utils:execute] [DEBUG]- (0.061) CREATE TABLE `django_session` (`session_key` varchar(40) NOT NULL PRIMARY KEY, `session_data` longtext NOT NULL, `expire_date` datetime(6) NOT NULL); args=None
2017-01-02 12:41:41,940 [MainThread:8876] [django.db.backends:89] [utils:execute] [DEBUG]- (0.016) SELECT engine FROM information_schema.tables WHERE table_name = 'django_session'; args=[u'django_session']
2017-01-02 12:41:41,946 [MainThread:8876] [django.db.backends.schema:102] [schema:execute] [DEBUG]- CREATE INDEX `django_session_de54fa62` ON `django_session` (`expire_date`); (params [])
2017-01-02 12:41:41,976 [MainThread:8876] [django.db.backends:89] [utils:execute] [DEBUG]- (0.025) CREATE INDEX `django_session_de54fa62` ON `django_session` (`expire_date`); args=[]
2017-01-02 12:41:41,983 [MainThread:8876] [django.db.backends:89] [utils:execute] [DEBUG]- (0.003) SHOW FULL TABLES; args=None
2017-01-02 12:41:41,987 [MainThread:8876] [django.db.backends:89] [utils:execute] [DEBUG]- (0.001) INSERT INTO `django_migrations` (`app`, `name`, `applied`) VALUES ('sessions', '0001_initial', '2017-01-02 04:41:41.987000'); args=['sessions', u'0001_initial', u'2017-01-02 04:41:41.987000']
2017-01-02 12:41:42,003 [MainThread:8876] [django.db.backends:89] [utils:execute] [DEBUG]- (0.004) SELECT `django_content_type`.`id`, `django_content_type`.`app_label`, `django_content_type`.`model` FROM `django_content_type` WHERE (`django_content_type`.`model` = 'logentry' AND `django_content_type`.`app_label` = 'admin'); args=('logentry', 'admin')
2017-01-02 12:41:42,013 [MainThread:8876] [django.db.backends:89] [utils:execute] [DEBUG]- (0.001) SELECT `django_content_type`.`id`, `django_content_type`.`app_label`, `django_content_type`.`model` FROM `django_content_type` WHERE (`django_content_type`.`model` = 'logentry' AND `django_content_type`.`app_label` = 'admin'); args=('logentry', 'admin')
2017-01-02 12:41:42,026 [MainThread:8876] [django.db.backends:89] [utils:execute] [DEBUG]- (0.001) INSERT INTO `django_content_type` (`app_label`, `model`) VALUES ('admin', 'logentry'); args=['admin', 'logentry']
2017-01-02 12:41:42,051 [MainThread:8876] [django.db.backends:89] [utils:execute] [DEBUG]- (0.010) SELECT `auth_permission`.`content_type_id`, `auth_permission`.`codename` FROM `auth_permission` INNER JOIN `django_content_type` ON ( `auth_permission`.`content_type_id` = `django_content_type`.`id` ) WHERE `auth_permission`.`content_type_id` IN (1) ORDER BY `django_content_type`.`app_label` ASC, `django_content_type`.`model` ASC, `auth_permission`.`codename` ASC; args=(1,)
2017-01-02 12:41:42,065 [MainThread:8876] [django.db.backends:89] [utils:execute] [DEBUG]- (0.001) INSERT INTO `auth_permission` (`name`, `content_type_id`, `codename`) VALUES ('Can add log entry', 1, 'add_logentry'), ('Can change log entry', 1, 'change_logentry'), ('Can delete log entry', 1, 'delete_logentry'); args=(u'Can add log entry', 1, u'add_logentry', u'Can change log entry', 1, u'change_logentry', u'Can delete log entry', 1, u'delete_logentry')
2017-01-02 12:41:42,082 [MainThread:8876] [django.db.backends:89] [utils:execute] [DEBUG]- (0.001) SELECT `django_content_type`.`id`, `django_content_type`.`app_label`, `django_content_type`.`model` FROM `django_content_type` WHERE `django_content_type`.`app_label` = 'admin'; args=('admin',)
2017-01-02 12:41:42,092 [MainThread:8876] [django.db.backends:89] [utils:execute] [DEBUG]- (0.000) SELECT `django_content_type`.`id`, `django_content_type`.`app_label`, `django_content_type`.`model` FROM `django_content_type` WHERE (`django_content_type`.`model` = 'permission' AND `django_content_type`.`app_label` = 'auth'); args=('permission', 'auth')
2017-01-02 12:41:42,102 [MainThread:8876] [django.db.backends:89] [utils:execute] [DEBUG]- (0.001) SELECT `django_content_type`.`id`, `django_content_type`.`app_label`, `django_content_type`.`model` FROM `django_content_type` WHERE (`django_content_type`.`model` = 'permission' AND `django_content_type`.`app_label` = 'auth'); args=('permission', 'auth')
2017-01-02 12:41:42,115 [MainThread:8876] [django.db.backends:89] [utils:execute] [DEBUG]- (0.001) INSERT INTO `django_content_type` (`app_label`, `model`) VALUES ('auth', 'permission'); args=['auth', 'permission']
2017-01-02 12:41:42,128 [MainThread:8876] [django.db.backends:89] [utils:execute] [DEBUG]- (0.001) SELECT `django_content_type`.`id`, `django_content_type`.`app_label`, `django_content_type`.`model` FROM `django_content_type` WHERE (`django_content_type`.`model` = 'group' AND `django_content_type`.`app_label` = 'auth'); args=('group', 'auth')
2017-01-02 12:41:42,138 [MainThread:8876] [django.db.backends:89] [utils:execute] [DEBUG]- (0.000) SELECT `django_content_type`.`id`, `django_content_type`.`app_label`, `django_content_type`.`model` FROM `django_content_type` WHERE (`django_content_type`.`model` = 'group' AND `django_content_type`.`app_label` = 'auth'); args=('group', 'auth')
2017-01-02 12:41:42,148 [MainThread:8876] [django.db.backends:89] [utils:execute] [DEBUG]- (0.002) INSERT INTO `django_content_type` (`app_label`, `model`) VALUES ('auth', 'group'); args=['auth', 'group']
2017-01-02 12:41:42,164 [MainThread:8876] [django.db.backends:89] [utils:execute] [DEBUG]- (0.005) SELECT `auth_permission`.`content_type_id`, `auth_permission`.`codename` FROM `auth_permission` INNER JOIN `django_content_type` ON ( `auth_permission`.`content_type_id` = `django_content_type`.`id` ) WHERE `auth_permission`.`content_type_id` IN (2, 3) ORDER BY `django_content_type`.`app_label` ASC, `django_content_type`.`model` ASC, `auth_permission`.`codename` ASC; args=(2, 3)
2017-01-02 12:41:42,180 [MainThread:8876] [django.db.backends:89] [utils:execute] [DEBUG]- (0.001) INSERT INTO `auth_permission` (`name`, `content_type_id`, `codename`) VALUES ('Can add permission', 2, 'add_permission'), ('Can change permission', 2, 'change_permission'), ('Can delete permission', 2, 'delete_permission'), ('Can add group', 3, 'add_group'), ('Can change group', 3, 'change_group'), ('Can delete group', 3, 'delete_group'); args=(u'Can add permission', 2, u'add_permission', u'Can change permission', 2, u'change_permission', u'Can delete permission', 2, u'delete_permission', u'Can add group', 3, u'add_group', u'Can change group', 3, u'change_group', u'Can delete group', 3, u'delete_group')
2017-01-02 12:41:42,203 [MainThread:8876] [django.db.backends:89] [utils:execute] [DEBUG]- (0.002) SELECT `django_content_type`.`id`, `django_content_type`.`app_label`, `django_content_type`.`model` FROM `django_content_type` WHERE `django_content_type`.`app_label` = 'auth'; args=('auth',)
2017-01-02 12:41:42,211 [MainThread:8876] [django.db.backends:89] [utils:execute] [DEBUG]- (0.001) SELECT `django_content_type`.`id`, `django_content_type`.`app_label`, `django_content_type`.`model` FROM `django_content_type` WHERE (`django_content_type`.`model` = 'contenttype' AND `django_content_type`.`app_label` = 'contenttypes'); args=('contenttype', 'contenttypes')
2017-01-02 12:41:42,223 [MainThread:8876] [django.db.backends:89] [utils:execute] [DEBUG]- (0.001) SELECT `django_content_type`.`id`, `django_content_type`.`app_label`, `django_content_type`.`model` FROM `django_content_type` WHERE (`django_content_type`.`model` = 'contenttype' AND `django_content_type`.`app_label` = 'contenttypes'); args=('contenttype', 'contenttypes')
2017-01-02 12:41:42,234 [MainThread:8876] [django.db.backends:89] [utils:execute] [DEBUG]- (0.000) INSERT INTO `django_content_type` (`app_label`, `model`) VALUES ('contenttypes', 'contenttype'); args=['contenttypes', 'contenttype']
2017-01-02 12:41:42,250 [MainThread:8876] [django.db.backends:89] [utils:execute] [DEBUG]- (0.001) SELECT `auth_permission`.`content_type_id`, `auth_permission`.`codename` FROM `auth_permission` INNER JOIN `django_content_type` ON ( `auth_permission`.`content_type_id` = `django_content_type`.`id` ) WHERE `auth_permission`.`content_type_id` IN (4) ORDER BY `django_content_type`.`app_label` ASC, `django_content_type`.`model` ASC, `auth_permission`.`codename` ASC; args=(4,)
2017-01-02 12:41:42,263 [MainThread:8876] [django.db.backends:89] [utils:execute] [DEBUG]- (0.000) INSERT INTO `auth_permission` (`name`, `content_type_id`, `codename`) VALUES ('Can add content type', 4, 'add_contenttype'), ('Can change content type', 4, 'change_contenttype'), ('Can delete content type', 4, 'delete_contenttype'); args=(u'Can add content type', 4, u'add_contenttype', u'Can change content type', 4, u'change_contenttype', u'Can delete content type', 4, u'delete_contenttype')
2017-01-02 12:41:42,280 [MainThread:8876] [django.db.backends:89] [utils:execute] [DEBUG]- (0.000) SELECT `django_content_type`.`id`, `django_content_type`.`app_label`, `django_content_type`.`model` FROM `django_content_type` WHERE `django_content_type`.`app_label` = 'contenttypes'; args=('contenttypes',)
2017-01-02 12:41:42,292 [MainThread:8876] [django.db.backends:89] [utils:execute] [DEBUG]- (0.001) SELECT `django_content_type`.`id`, `django_content_type`.`app_label`, `django_content_type`.`model` FROM `django_content_type` WHERE (`django_content_type`.`model` = 'session' AND `django_content_type`.`app_label` = 'sessions'); args=('session', 'sessions')
2017-01-02 12:41:42,303 [MainThread:8876] [django.db.backends:89] [utils:execute] [DEBUG]- (0.000) SELECT `django_content_type`.`id`, `django_content_type`.`app_label`, `django_content_type`.`model` FROM `django_content_type` WHERE (`django_content_type`.`model` = 'session' AND `django_content_type`.`app_label` = 'sessions'); args=('session', 'sessions')
2017-01-02 12:41:42,315 [MainThread:8876] [django.db.backends:89] [utils:execute] [DEBUG]- (0.001) INSERT INTO `django_content_type` (`app_label`, `model`) VALUES ('sessions', 'session'); args=['sessions', 'session']
2017-01-02 12:41:42,325 [MainThread:8876] [django.db.backends:89] [utils:execute] [DEBUG]- (0.001) SELECT `auth_permission`.`content_type_id`, `auth_permission`.`codename` FROM `auth_permission` INNER JOIN `django_content_type` ON ( `auth_permission`.`content_type_id` = `django_content_type`.`id` ) WHERE `auth_permission`.`content_type_id` IN (5) ORDER BY `django_content_type`.`app_label` ASC, `django_content_type`.`model` ASC, `auth_permission`.`codename` ASC; args=(5,)
2017-01-02 12:41:42,341 [MainThread:8876] [django.db.backends:89] [utils:execute] [DEBUG]- (0.001) INSERT INTO `auth_permission` (`name`, `content_type_id`, `codename`) VALUES ('Can add session', 5, 'add_session'), ('Can change session', 5, 'change_session'), ('Can delete session', 5, 'delete_session'); args=(u'Can add session', 5, u'add_session', u'Can change session', 5, u'change_session', u'Can delete session', 5, u'delete_session')
2017-01-02 12:41:42,357 [MainThread:8876] [django.db.backends:89] [utils:execute] [DEBUG]- (0.001) SELECT `django_content_type`.`id`, `django_content_type`.`app_label`, `django_content_type`.`model` FROM `django_content_type` WHERE `django_content_type`.`app_label` = 'sessions'; args=('sessions',)
2017-01-02 12:41:42,367 [MainThread:8876] [django.db.backends:89] [utils:execute] [DEBUG]- (0.001) SELECT `django_content_type`.`id`, `django_content_type`.`app_label`, `django_content_type`.`model` FROM `django_content_type` WHERE (`django_content_type`.`model` = 'user' AND `django_content_type`.`app_label` = 'blog'); args=('user', 'blog')
2017-01-02 12:41:42,378 [MainThread:8876] [django.db.backends:89] [utils:execute] [DEBUG]- (0.000) SELECT `django_content_type`.`id`, `django_content_type`.`app_label`, `django_content_type`.`model` FROM `django_content_type` WHERE (`django_content_type`.`model` = 'user' AND `django_content_type`.`app_label` = 'blog'); args=('user', 'blog')
2017-01-02 12:41:42,388 [MainThread:8876] [django.db.backends:89] [utils:execute] [DEBUG]- (0.000) INSERT INTO `django_content_type` (`app_label`, `model`) VALUES ('blog', 'user'); args=['blog', 'user']
2017-01-02 12:41:42,400 [MainThread:8876] [django.db.backends:89] [utils:execute] [DEBUG]- (0.000) SELECT `django_content_type`.`id`, `django_content_type`.`app_label`, `django_content_type`.`model` FROM `django_content_type` WHERE (`django_content_type`.`model` = 'tag' AND `django_content_type`.`app_label` = 'blog'); args=('tag', 'blog')
2017-01-02 12:41:42,410 [MainThread:8876] [django.db.backends:89] [utils:execute] [DEBUG]- (0.000) SELECT `django_content_type`.`id`, `django_content_type`.`app_label`, `django_content_type`.`model` FROM `django_content_type` WHERE (`django_content_type`.`model` = 'tag' AND `django_content_type`.`app_label` = 'blog'); args=('tag', 'blog')
2017-01-02 12:41:42,421 [MainThread:8876] [django.db.backends:89] [utils:execute] [DEBUG]- (0.002) INSERT INTO `django_content_type` (`app_label`, `model`) VALUES ('blog', 'tag'); args=['blog', 'tag']
2017-01-02 12:41:42,431 [MainThread:8876] [django.db.backends:89] [utils:execute] [DEBUG]- (0.001) SELECT `django_content_type`.`id`, `django_content_type`.`app_label`, `django_content_type`.`model` FROM `django_content_type` WHERE (`django_content_type`.`model` = 'category' AND `django_content_type`.`app_label` = 'blog'); args=('category', 'blog')
2017-01-02 12:41:42,443 [MainThread:8876] [django.db.backends:89] [utils:execute] [DEBUG]- (0.000) SELECT `django_content_type`.`id`, `django_content_type`.`app_label`, `django_content_type`.`model` FROM `django_content_type` WHERE (`django_content_type`.`model` = 'category' AND `django_content_type`.`app_label` = 'blog'); args=('category', 'blog')
2017-01-02 12:41:42,453 [MainThread:8876] [django.db.backends:89] [utils:execute] [DEBUG]- (0.001) INSERT INTO `django_content_type` (`app_label`, `model`) VALUES ('blog', 'category'); args=['blog', 'category']
2017-01-02 12:41:42,463 [MainThread:8876] [django.db.backends:89] [utils:execute] [DEBUG]- (0.000) SELECT `django_content_type`.`id`, `django_content_type`.`app_label`, `django_content_type`.`model` FROM `django_content_type` WHERE (`django_content_type`.`model` = 'article' AND `django_content_type`.`app_label` = 'blog'); args=('article', 'blog')
2017-01-02 12:41:42,476 [MainThread:8876] [django.db.backends:89] [utils:execute] [DEBUG]- (0.002) SELECT `django_content_type`.`id`, `django_content_type`.`app_label`, `django_content_type`.`model` FROM `django_content_type` WHERE (`django_content_type`.`model` = 'article' AND `django_content_type`.`app_label` = 'blog'); args=('article', 'blog')
2017-01-02 12:41:42,486 [MainThread:8876] [django.db.backends:89] [utils:execute] [DEBUG]- (0.002) INSERT INTO `django_content_type` (`app_label`, `model`) VALUES ('blog', 'article'); args=['blog', 'article']
2017-01-02 12:41:42,497 [MainThread:8876] [django.db.backends:89] [utils:execute] [DEBUG]- (0.001) SELECT `django_content_type`.`id`, `django_content_type`.`app_label`, `django_content_type`.`model` FROM `django_content_type` WHERE (`django_content_type`.`model` = 'comment' AND `django_content_type`.`app_label` = 'blog'); args=('comment', 'blog')
2017-01-02 12:41:42,507 [MainThread:8876] [django.db.backends:89] [utils:execute] [DEBUG]- (0.001) SELECT `django_content_type`.`id`, `django_content_type`.`app_label`, `django_content_type`.`model` FROM `django_content_type` WHERE (`django_content_type`.`model` = 'comment' AND `django_content_type`.`app_label` = 'blog'); args=('comment', 'blog')
2017-01-02 12:41:42,517 [MainThread:8876] [django.db.backends:89] [utils:execute] [DEBUG]- (0.001) INSERT INTO `django_content_type` (`app_label`, `model`) VALUES ('blog', 'comment'); args=['blog', 'comment']
2017-01-02 12:41:42,529 [MainThread:8876] [django.db.backends:89] [utils:execute] [DEBUG]- (0.001) SELECT `django_content_type`.`id`, `django_content_type`.`app_label`, `django_content_type`.`model` FROM `django_content_type` WHERE (`django_content_type`.`model` = 'links' AND `django_content_type`.`app_label` = 'blog'); args=('links', 'blog')
2017-01-02 12:41:42,540 [MainThread:8876] [django.db.backends:89] [utils:execute] [DEBUG]- (0.001) SELECT `django_content_type`.`id`, `django_content_type`.`app_label`, `django_content_type`.`model` FROM `django_content_type` WHERE (`django_content_type`.`model` = 'links' AND `django_content_type`.`app_label` = 'blog'); args=('links', 'blog')
2017-01-02 12:41:42,553 [MainThread:8876] [django.db.backends:89] [utils:execute] [DEBUG]- (0.002) INSERT INTO `django_content_type` (`app_label`, `model`) VALUES ('blog', 'links'); args=['blog', 'links']
2017-01-02 12:41:42,562 [MainThread:8876] [django.db.backends:89] [utils:execute] [DEBUG]- (0.000) SELECT `django_content_type`.`id`, `django_content_type`.`app_label`, `django_content_type`.`model` FROM `django_content_type` WHERE (`django_content_type`.`model` = 'ad' AND `django_content_type`.`app_label` = 'blog'); args=('ad', 'blog')
2017-01-02 12:41:42,572 [MainThread:8876] [django.db.backends:89] [utils:execute] [DEBUG]- (0.000) SELECT `django_content_type`.`id`, `django_content_type`.`app_label`, `django_content_type`.`model` FROM `django_content_type` WHERE (`django_content_type`.`model` = 'ad' AND `django_content_type`.`app_label` = 'blog'); args=('ad', 'blog')
2017-01-02 12:41:42,585 [MainThread:8876] [django.db.backends:89] [utils:execute] [DEBUG]- (0.001) INSERT INTO `django_content_type` (`app_label`, `model`) VALUES ('blog', 'ad'); args=['blog', 'ad']
2017-01-02 12:41:42,599 [MainThread:8876] [django.db.backends:89] [utils:execute] [DEBUG]- (0.001) SELECT `auth_permission`.`content_type_id`, `auth_permission`.`codename` FROM `auth_permission` INNER JOIN `django_content_type` ON ( `auth_permission`.`content_type_id` = `django_content_type`.`id` ) WHERE `auth_permission`.`content_type_id` IN (6, 7, 8, 9, 10, 11, 12) ORDER BY `django_content_type`.`app_label` ASC, `django_content_type`.`model` ASC, `auth_permission`.`codename` ASC; args=(6, 7, 8, 9, 10, 11, 12)
2017-01-02 12:41:42,617 [MainThread:8876] [django.db.backends:89] [utils:execute] [DEBUG]- (0.002) INSERT INTO `auth_permission` (`name`, `content_type_id`, `codename`) VALUES ('Can add ', 6, 'add_user'), ('Can change ', 6, 'change_user'), ('Can delete ', 6, 'delete_user'), ('Can add ', 7, 'add_tag'), ('Can change ', 7, 'change_tag'), ('Can delete ', 7, 'delete_tag'), ('Can add ', 8, 'add_category'), ('Can change ', 8, 'change_category'), ('Can delete ', 8, 'delete_category'), ('Can add ', 9, 'add_article'), ('Can change ', 9, 'change_article'), ('Can delete ', 9, 'delete_article'), ('Can add ', 10, 'add_comment'), ('Can change ', 10, 'change_comment'), ('Can delete ', 10, 'delete_comment'), ('Can add ', 11, 'add_links'), ('Can change ', 11, 'change_links'), ('Can delete ', 11, 'delete_links'), ('Can add ', 12, 'add_ad'), ('Can change ', 12, 'change_ad'), ('Can delete ', 12, 'delete_ad'); args=(u'Can add \u7528\u6237', 6, u'add_user', u'Can change \u7528\u6237', 6, u'change_user', u'Can delete \u7528\u6237', 6, u'delete_user', u'Can add \u6807\u7b7e', 7, u'add_tag', u'Can change \u6807\u7b7e', 7, u'change_tag', u'Can delete \u6807\u7b7e', 7, u'delete_tag', u'Can add \u5206\u7c7b', 8, u'add_category', u'Can change \u5206\u7c7b', 8, u'change_category', u'Can delete \u5206\u7c7b', 8, u'delete_category', u'Can add \u6587\u7ae0', 9, u'add_article', u'Can change \u6587\u7ae0', 9, u'change_article', u'Can delete \u6587\u7ae0', 9, u'delete_article', u'Can add \u8bc4\u8bba', 10, u'add_comment', u'Can change \u8bc4\u8bba', 10, u'change_comment', u'Can delete \u8bc4\u8bba', 10, u'delete_comment', u'Can add \u53cb\u60c5\u94fe\u63a5', 11, u'add_links', u'Can change \u53cb\u60c5\u94fe\u63a5', 11, u'change_links', u'Can delete \u53cb\u60c5\u94fe\u63a5', 11, u'delete_links', u'Can add \u5e7f\u544a', 12, u'add_ad', u'Can change \u5e7f\u544a', 12, u'change_ad', u'Can delete \u5e7f\u544a', 12, u'delete_ad')
2017-01-02 12:41:42,700 [MainThread:8876] [django.db.backends:89] [utils:execute] [DEBUG]- (0.001) SELECT `django_content_type`.`id`, `django_content_type`.`app_label`, `django_content_type`.`model` FROM `django_content_type` WHERE `django_content_type`.`app_label` = 'blog'; args=('blog',)
2017-01-02 12:43:01,736 [MainThread:13012] [django.db.backends:89] [utils:execute] [DEBUG]- (0.001) SET SQL_AUTO_IS_NULL = 0; args=None
2017-01-02 12:43:02,924 [MainThread:13012] [django.db.backends:89] [utils:execute] [DEBUG]- (0.000) SET SQL_AUTO_IS_NULL = 0; args=None
2017-01-02 12:43:02,936 [MainThread:13012] [django.db.backends:89] [utils:execute] [DEBUG]- (0.007) SELECT `blog_user`.`id`, `blog_user`.`password`, `blog_user`.`last_login`, `blog_user`.`is_superuser`, `blog_user`.`username`, `blog_user`.`first_name`, `blog_user`.`last_name`, `blog_user`.`email`, `blog_user`.`is_staff`, `blog_user`.`is_active`, `blog_user`.`date_joined`, `blog_user`.`avatar`, `blog_user`.`qq`, `blog_user`.`mobile`, `blog_user`.`url` FROM `blog_user` WHERE `blog_user`.`username` = 'admin'; args=('admin',)
2017-01-02 12:43:12,418 [MainThread:13012] [django.db.backends:89] [utils:execute] [DEBUG]- (0.001) INSERT INTO `blog_user` (`password`, `last_login`, `is_superuser`, `username`, `first_name`, `last_name`, `email`, `is_staff`, `is_active`, `date_joined`, `avatar`, `qq`, `mobile`, `url`) VALUES ('pbkdf2_sha256$20000$9KrDNK7KQYjA$qd6ZyIrsYlbP5DWyu06kfCJuCD/kWXSamf7kH5bc0pA=', NULL, 1, 'admin', '', '', 'admin@admin.com', 1, 1, '2017-01-02 04:43:12.388000', 'avatar/default.png', NULL, NULL, NULL); args=[u'pbkdf2_sha256$20000$9KrDNK7KQYjA$qd6ZyIrsYlbP5DWyu06kfCJuCD/kWXSamf7kH5bc0pA=', None, True, 'admin', u'', u'', u'admin@admin.com', True, True, u'2017-01-02 04:43:12.388000', u'avatar/default.png', None, None, None]
2017-01-02 12:48:36,605 [Dummy-1:11040] [django.db.backends:89] [utils:execute] [DEBUG]- (0.000) SET SQL_AUTO_IS_NULL = 0; args=None
2017-01-02 12:48:36,694 [Dummy-1:11040] [django.db.backends:89] [utils:execute] [DEBUG]- (0.000) SET SQL_AUTO_IS_NULL = 0; args=None
2017-01-02 12:48:36,703 [Dummy-1:11040] [django.db.backends:89] [utils:execute] [DEBUG]- (0.004) SHOW FULL TABLES; args=None
2017-01-02 12:48:36,716 [Dummy-1:11040] [django.db.backends:89] [utils:execute] [DEBUG]- (0.004) SELECT `django_migrations`.`app`, `django_migrations`.`name` FROM `django_migrations`; args=()
2017-01-02 12:49:00,750 [Thread-5:5528] [django.db.backends:89] [utils:execute] [DEBUG]- (0.000) SET SQL_AUTO_IS_NULL = 0; args=None
2017-01-02 12:49:00,792 [Thread-5:5528] [django.db.backends:89] [utils:execute] [DEBUG]- (0.000) SET SQL_AUTO_IS_NULL = 0; args=None
2017-01-02 12:49:00,835 [Thread-5:5528] [django.db.backends:89] [utils:execute] [DEBUG]- (0.005) SELECT `django_session`.`session_key`, `django_session`.`session_data`, `django_session`.`expire_date` FROM `django_session` WHERE (`django_session`.`session_key` = 'hmogpuzif3b0onkdnk9w9efth1tu1sob' AND `django_session`.`expire_date` > '2017-01-02 04:49:00.746000'); args=('hmogpuzif3b0onkdnk9w9efth1tu1sob', u'2017-01-02 04:49:00.746000')
2017-01-02 12:49:00,868 [Thread-5:5528] [django.db.backends:89] [utils:execute] [DEBUG]- (0.003) SELECT (1) AS `a` FROM `django_session` WHERE `django_session`.`session_key` = '6v6xi7sfufwx5pbwifxl3ghg0m5eafmb' LIMIT 1; args=(u'6v6xi7sfufwx5pbwifxl3ghg0m5eafmb',)
2017-01-02 12:49:00,884 [Thread-5:5528] [django.db.backends:89] [utils:execute] [DEBUG]- (0.002) INSERT INTO `django_session` (`session_key`, `session_data`, `expire_date`) VALUES ('6v6xi7sfufwx5pbwifxl3ghg0m5eafmb', 'ODNlNTIxMDYyNGI4ZjA3NDdiODQxZDBhNTVmMDVmNDIwODVjOGI0Zjp7fQ==', '2017-01-16 04:49:00.882000'); args=(u'6v6xi7sfufwx5pbwifxl3ghg0m5eafmb', u'ODNlNTIxMDYyNGI4ZjA3NDdiODQxZDBhNTVmMDVmNDIwODVjOGI0Zjp7fQ==', u'2017-01-16 04:49:00.882000')
2017-01-02 12:49:00,953 [Thread-5:5528] [django.db.backends:89] [utils:execute] [DEBUG]- (0.004) UPDATE `django_session` SET `session_data` = 'ODNlNTIxMDYyNGI4ZjA3NDdiODQxZDBhNTVmMDVmNDIwODVjOGI0Zjp7fQ==', `expire_date` = '2017-01-16 04:49:00.949000' WHERE `django_session`.`session_key` = '6v6xi7sfufwx5pbwifxl3ghg0m5eafmb'; args=(u'ODNlNTIxMDYyNGI4ZjA3NDdiODQxZDBhNTVmMDVmNDIwODVjOGI0Zjp7fQ==', u'2017-01-16 04:49:00.949000', u'6v6xi7sfufwx5pbwifxl3ghg0m5eafmb')
2017-01-02 12:49:01,028 [Thread-6:8568] [django.db.backends:89] [utils:execute] [DEBUG]- (0.000) SET SQL_AUTO_IS_NULL = 0; args=None
2017-01-02 12:49:01,033 [Thread-6:8568] [django.db.backends:89] [utils:execute] [DEBUG]- (0.000) SET SQL_AUTO_IS_NULL = 0; args=None
2017-01-02 12:49:01,042 [Thread-6:8568] [django.db.backends:89] [utils:execute] [DEBUG]- (0.004) SELECT `django_session`.`session_key`, `django_session`.`session_data`, `django_session`.`expire_date` FROM `django_session` WHERE (`django_session`.`session_key` = '6v6xi7sfufwx5pbwifxl3ghg0m5eafmb' AND `django_session`.`expire_date` > '2017-01-02 04:49:01.025000'); args=('6v6xi7sfufwx5pbwifxl3ghg0m5eafmb', u'2017-01-02 04:49:01.025000')
2017-01-02 12:49:02,660 [Thread-11:6376] [django.db.backends:89] [utils:execute] [DEBUG]- (0.000) SET SQL_AUTO_IS_NULL = 0; args=None
2017-01-02 12:49:02,667 [Thread-11:6376] [django.db.backends:89] [utils:execute] [DEBUG]- (0.001) SET SQL_AUTO_IS_NULL = 0; args=None
2017-01-02 12:49:02,674 [Thread-11:6376] [django.db.backends:89] [utils:execute] [DEBUG]- (0.002) SELECT `django_session`.`session_key`, `django_session`.`session_data`, `django_session`.`expire_date` FROM `django_session` WHERE (`django_session`.`session_key` = '6v6xi7sfufwx5pbwifxl3ghg0m5eafmb' AND `django_session`.`expire_date` > '2017-01-02 04:49:02.656000'); args=('6v6xi7sfufwx5pbwifxl3ghg0m5eafmb', u'2017-01-02 04:49:02.656000')
2017-01-02 12:49:02,697 [Thread-11:6376] [django.db.backends:89] [utils:execute] [DEBUG]- (0.003) SELECT `blog_user`.`id`, `blog_user`.`password`, `blog_user`.`last_login`, `blog_user`.`is_superuser`, `blog_user`.`username`, `blog_user`.`first_name`, `blog_user`.`last_name`, `blog_user`.`email`, `blog_user`.`is_staff`, `blog_user`.`is_active`, `blog_user`.`date_joined`, `blog_user`.`avatar`, `blog_user`.`qq`, `blog_user`.`mobile`, `blog_user`.`url` FROM `blog_user` WHERE `blog_user`.`username` = 'admin'; args=(u'admin',)
2017-01-02 12:49:02,739 [Thread-11:6376] [django.db.backends:89] [utils:execute] [DEBUG]- (0.001) SELECT (1) AS `a` FROM `django_session` WHERE `django_session`.`session_key` = '2jv1hnp3d7p5ukujbkzmsmklykdsxhld' LIMIT 1; args=(u'2jv1hnp3d7p5ukujbkzmsmklykdsxhld',)
2017-01-02 12:49:02,747 [Thread-11:6376] [django.db.backends:89] [utils:execute] [DEBUG]- (0.001) INSERT INTO `django_session` (`session_key`, `session_data`, `expire_date`) VALUES ('2jv1hnp3d7p5ukujbkzmsmklykdsxhld', 'ODNlNTIxMDYyNGI4ZjA3NDdiODQxZDBhNTVmMDVmNDIwODVjOGI0Zjp7fQ==', '2017-01-16 04:49:02.747000'); args=(u'2jv1hnp3d7p5ukujbkzmsmklykdsxhld', u'ODNlNTIxMDYyNGI4ZjA3NDdiODQxZDBhNTVmMDVmNDIwODVjOGI0Zjp7fQ==', u'2017-01-16 04:49:02.747000')
2017-01-02 12:49:02,769 [Thread-11:6376] [django.db.backends:89] [utils:execute] [DEBUG]- (0.001) SELECT `django_session`.`session_key`, `django_session`.`session_data`, `django_session`.`expire_date` FROM `django_session` WHERE `django_session`.`session_key` = '6v6xi7sfufwx5pbwifxl3ghg0m5eafmb'; args=('6v6xi7sfufwx5pbwifxl3ghg0m5eafmb',)
2017-01-02 12:49:02,779 [Thread-11:6376] [django.db.backends:89] [utils:execute] [DEBUG]- (0.001) DELETE FROM `django_session` WHERE `django_session`.`session_key` IN ('6v6xi7sfufwx5pbwifxl3ghg0m5eafmb'); args=(u'6v6xi7sfufwx5pbwifxl3ghg0m5eafmb',)
2017-01-02 12:49:02,795 [Thread-11:6376] [django.db.backends:89] [utils:execute] [DEBUG]- (0.001) UPDATE `blog_user` SET `last_login` = '2017-01-02 04:49:02.792000' WHERE `blog_user`.`id` = 1; args=(u'2017-01-02 04:49:02.792000', 1)
2017-01-02 12:49:02,808 [Thread-11:6376] [django.db.backends:89] [utils:execute] [DEBUG]- (0.001) UPDATE `django_session` SET `session_data` = 'MmRlNGNkNDUyOTVhZWVhMDdjNDc0MTY0MzI0MDAzOWM5OGY0Zjc4MDp7Il9hdXRoX3VzZXJfaGFzaCI6IjJlMGJmYjNlOGRhNjAwZWM0NDRhMjIyYjMwZGJjOWMxMmMyMmUzMzciLCJfYXV0aF91c2VyX2JhY2tlbmQiOiJkamFuZ28uY29udHJpYi5hdXRoLmJhY2tlbmRzLk1vZGVsQmFja2VuZCIsIl9hdXRoX3VzZXJfaWQiOiIxIn0=', `expire_date` = '2017-01-16 04:49:02.806000' WHERE `django_session`.`session_key` = '2jv1hnp3d7p5ukujbkzmsmklykdsxhld'; args=(u'MmRlNGNkNDUyOTVhZWVhMDdjNDc0MTY0MzI0MDAzOWM5OGY0Zjc4MDp7Il9hdXRoX3VzZXJfaGFzaCI6IjJlMGJmYjNlOGRhNjAwZWM0NDRhMjIyYjMwZGJjOWMxMmMyMmUzMzciLCJfYXV0aF91c2VyX2JhY2tlbmQiOiJkamFuZ28uY29udHJpYi5hdXRoLmJhY2tlbmRzLk1vZGVsQmFja2VuZCIsIl9hdXRoX3VzZXJfaWQiOiIxIn0=', u'2017-01-16 04:49:02.806000', u'2jv1hnp3d7p5ukujbkzmsmklykdsxhld')
2017-01-02 12:49:02,868 [Thread-13:8368] [django.db.backends:89] [utils:execute] [DEBUG]- (0.001) SET SQL_AUTO_IS_NULL = 0; args=None
2017-01-02 12:49:02,875 [Thread-13:8368] [django.db.backends:89] [utils:execute] [DEBUG]- (0.000) SET SQL_AUTO_IS_NULL = 0; args=None
2017-01-02 12:49:02,881 [Thread-13:8368] [django.db.backends:89] [utils:execute] [DEBUG]- (0.002) SELECT `django_session`.`session_key`, `django_session`.`session_data`, `django_session`.`expire_date` FROM `django_session` WHERE (`django_session`.`session_key` = '2jv1hnp3d7p5ukujbkzmsmklykdsxhld' AND `django_session`.`expire_date` > '2017-01-02 04:49:02.864000'); args=('2jv1hnp3d7p5ukujbkzmsmklykdsxhld', u'2017-01-02 04:49:02.864000')
2017-01-02 12:49:02,901 [Thread-13:8368] [django.db.backends:89] [utils:execute] [DEBUG]- (0.004) SELECT `blog_user`.`id`, `blog_user`.`password`, `blog_user`.`last_login`, `blog_user`.`is_superuser`, `blog_user`.`username`, `blog_user`.`first_name`, `blog_user`.`last_name`, `blog_user`.`email`, `blog_user`.`is_staff`, `blog_user`.`is_active`, `blog_user`.`date_joined`, `blog_user`.`avatar`, `blog_user`.`qq`, `blog_user`.`mobile`, `blog_user`.`url` FROM `blog_user` WHERE `blog_user`.`id` = 1; args=(1,)
2017-01-02 12:49:02,969 [Thread-13:8368] [django.db.backends:89] [utils:execute] [DEBUG]- (0.005) SELECT `django_admin_log`.`id`, `django_admin_log`.`action_time`, `django_admin_log`.`user_id`, `django_admin_log`.`content_type_id`, `django_admin_log`.`object_id`, `django_admin_log`.`object_repr`, `django_admin_log`.`action_flag`, `django_admin_log`.`change_message`, `blog_user`.`id`, `blog_user`.`password`, `blog_user`.`last_login`, `blog_user`.`is_superuser`, `blog_user`.`username`, `blog_user`.`first_name`, `blog_user`.`last_name`, `blog_user`.`email`, `blog_user`.`is_staff`, `blog_user`.`is_active`, `blog_user`.`date_joined`, `blog_user`.`avatar`, `blog_user`.`qq`, `blog_user`.`mobile`, `blog_user`.`url`, `django_content_type`.`id`, `django_content_type`.`app_label`, `django_content_type`.`model` FROM `django_admin_log` INNER JOIN `blog_user` ON ( `django_admin_log`.`user_id` = `blog_user`.`id` ) LEFT OUTER JOIN `django_content_type` ON ( `django_admin_log`.`content_type_id` = `django_content_type`.`id` ) WHERE `django_admin_log`.`user_id` = 1 ORDER BY `django_admin_log`.`action_time` DESC LIMIT 10; args=(1,)
2017-01-02 12:52:21,923 [Dummy-1:6976] [django.db.backends:89] [utils:execute] [DEBUG]- (0.000) SET SQL_AUTO_IS_NULL = 0; args=None
2017-01-02 12:52:22,033 [Dummy-1:6976] [django.db.backends:89] [utils:execute] [DEBUG]- (0.000) SET SQL_AUTO_IS_NULL = 0; args=None
2017-01-02 12:52:22,042 [Dummy-1:6976] [django.db.backends:89] [utils:execute] [DEBUG]- (0.004) SHOW FULL TABLES; args=None
2017-01-02 12:52:22,069 [Dummy-1:6976] [django.db.backends:89] [utils:execute] [DEBUG]- (0.003) SELECT `django_migrations`.`app`, `django_migrations`.`name` FROM `django_migrations`; args=()
2017-01-02 12:52:28,174 [Dummy-1:4596] [django.db.backends:89] [utils:execute] [DEBUG]- (0.000) SET SQL_AUTO_IS_NULL = 0; args=None
2017-01-02 12:52:28,269 [Dummy-1:4596] [django.db.backends:89] [utils:execute] [DEBUG]- (0.000) SET SQL_AUTO_IS_NULL = 0; args=None
2017-01-02 12:52:28,278 [Dummy-1:4596] [django.db.backends:89] [utils:execute] [DEBUG]- (0.004) SHOW FULL TABLES; args=None
2017-01-02 12:52:28,302 [Dummy-1:4596] [django.db.backends:89] [utils:execute] [DEBUG]- (0.003) SELECT `django_migrations`.`app`, `django_migrations`.`name` FROM `django_migrations`; args=()
2017-01-02 12:55:07,888 [Dummy-1:10424] [django.db.backends:89] [utils:execute] [DEBUG]- (0.000) SET SQL_AUTO_IS_NULL = 0; args=None
2017-01-02 12:55:08,026 [Dummy-1:10424] [django.db.backends:89] [utils:execute] [DEBUG]- (0.000) SET SQL_AUTO_IS_NULL = 0; args=None
2017-01-02 12:55:08,035 [Dummy-1:10424] [django.db.backends:89] [utils:execute] [DEBUG]- (0.006) SHOW FULL TABLES; args=None
2017-01-02 12:55:08,062 [Dummy-1:10424] [django.db.backends:89] [utils:execute] [DEBUG]- (0.002) SELECT `django_migrations`.`app`, `django_migrations`.`name` FROM `django_migrations`; args=()
2017-01-02 12:55:41,783 [Dummy-1:9016] [django.db.backends:89] [utils:execute] [DEBUG]- (0.000) SET SQL_AUTO_IS_NULL = 0; args=None
2017-01-02 12:55:41,862 [Dummy-1:9016] [django.db.backends:89] [utils:execute] [DEBUG]- (0.000) SET SQL_AUTO_IS_NULL = 0; args=None
2017-01-02 12:55:41,874 [Dummy-1:9016] [django.db.backends:89] [utils:execute] [DEBUG]- (0.005) SHOW FULL TABLES; args=None
2017-01-02 12:55:41,888 [Dummy-1:9016] [django.db.backends:89] [utils:execute] [DEBUG]- (0.004) SELECT `django_migrations`.`app`, `django_migrations`.`name` FROM `django_migrations`; args=()
2017-01-02 12:55:58,223 [Thread-2:12628] [django.db.backends:89] [utils:execute] [DEBUG]- (0.000) SET SQL_AUTO_IS_NULL = 0; args=None
2017-01-02 12:55:58,236 [Thread-2:12628] [django.db.backends:89] [utils:execute] [DEBUG]- (0.000) SET SQL_AUTO_IS_NULL = 0; args=None
2017-01-02 12:55:58,243 [Thread-2:12628] [django.db.backends:89] [utils:execute] [DEBUG]- (0.003) SELECT `django_session`.`session_key`, `django_session`.`session_data`, `django_session`.`expire_date` FROM `django_session` WHERE (`django_session`.`session_key` = '2jv1hnp3d7p5ukujbkzmsmklykdsxhld' AND `django_session`.`expire_date` > '2017-01-02 04:55:58.219000'); args=('2jv1hnp3d7p5ukujbkzmsmklykdsxhld', u'2017-01-02 04:55:58.219000')
2017-01-02 12:55:58,267 [Thread-2:12628] [django.db.backends:89] [utils:execute] [DEBUG]- (0.004) SELECT `blog_user`.`id`, `blog_user`.`password`, `blog_user`.`last_login`, `blog_user`.`is_superuser`, `blog_user`.`username`, `blog_user`.`first_name`, `blog_user`.`last_name`, `blog_user`.`email`, `blog_user`.`is_staff`, `blog_user`.`is_active`, `blog_user`.`date_joined`, `blog_user`.`avatar`, `blog_user`.`qq`, `blog_user`.`mobile`, `blog_user`.`url` FROM `blog_user` WHERE `blog_user`.`id` = 1; args=(1,)
2017-01-02 12:55:58,414 [Thread-2:12628] [django.db.backends:89] [utils:execute] [DEBUG]- (0.003) SELECT `django_admin_log`.`id`, `django_admin_log`.`action_time`, `django_admin_log`.`user_id`, `django_admin_log`.`content_type_id`, `django_admin_log`.`object_id`, `django_admin_log`.`object_repr`, `django_admin_log`.`action_flag`, `django_admin_log`.`change_message`, `blog_user`.`id`, `blog_user`.`password`, `blog_user`.`last_login`, `blog_user`.`is_superuser`, `blog_user`.`username`, `blog_user`.`first_name`, `blog_user`.`last_name`, `blog_user`.`email`, `blog_user`.`is_staff`, `blog_user`.`is_active`, `blog_user`.`date_joined`, `blog_user`.`avatar`, `blog_user`.`qq`, `blog_user`.`mobile`, `blog_user`.`url`, `django_content_type`.`id`, `django_content_type`.`app_label`, `django_content_type`.`model` FROM `django_admin_log` INNER JOIN `blog_user` ON ( `django_admin_log`.`user_id` = `blog_user`.`id` ) LEFT OUTER JOIN `django_content_type` ON ( `django_admin_log`.`content_type_id` = `django_content_type`.`id` ) WHERE `django_admin_log`.`user_id` = 1 ORDER BY `django_admin_log`.`action_time` DESC LIMIT 10; args=(1,)
2017-01-02 13:00:52,006 [Dummy-1:11416] [django.db.backends:89] [utils:execute] [DEBUG]- (0.001) SET SQL_AUTO_IS_NULL = 0; args=None
2017-01-02 13:00:52,107 [Dummy-1:11416] [django.db.backends:89] [utils:execute] [DEBUG]- (0.000) SET SQL_AUTO_IS_NULL = 0; args=None
2017-01-02 13:00:52,115 [Dummy-1:11416] [django.db.backends:89] [utils:execute] [DEBUG]- (0.003) SHOW FULL TABLES; args=None
2017-01-02 13:00:52,144 [Dummy-1:11416] [django.db.backends:89] [utils:execute] [DEBUG]- (0.003) SELECT `django_migrations`.`app`, `django_migrations`.`name` FROM `django_migrations`; args=()
2017-01-02 13:01:01,342 [Dummy-1:11212] [django.db.backends:89] [utils:execute] [DEBUG]- (0.001) SET SQL_AUTO_IS_NULL = 0; args=None
2017-01-02 13:01:01,438 [Dummy-1:11212] [django.db.backends:89] [utils:execute] [DEBUG]- (0.001) SET SQL_AUTO_IS_NULL = 0; args=None
2017-01-02 13:01:01,450 [Dummy-1:11212] [django.db.backends:89] [utils:execute] [DEBUG]- (0.005) SHOW FULL TABLES; args=None
2017-01-02 13:01:01,484 [Dummy-1:11212] [django.db.backends:89] [utils:execute] [DEBUG]- (0.006) SELECT `django_migrations`.`app`, `django_migrations`.`name` FROM `django_migrations`; args=()
2017-01-02 13:01:02,365 [Thread-2:232] [django.db.backends:89] [utils:execute] [DEBUG]- (0.000) SET SQL_AUTO_IS_NULL = 0; args=None
2017-01-02 13:01:02,374 [Thread-2:232] [django.db.backends:89] [utils:execute] [DEBUG]- (0.001) SET SQL_AUTO_IS_NULL = 0; args=None
2017-01-02 13:01:02,380 [Thread-2:232] [django.db.backends:89] [utils:execute] [DEBUG]- (0.001) SELECT `django_session`.`session_key`, `django_session`.`session_data`, `django_session`.`expire_date` FROM `django_session` WHERE (`django_session`.`session_key` = '2jv1hnp3d7p5ukujbkzmsmklykdsxhld' AND `django_session`.`expire_date` > '2017-01-02 05:01:02.363000'); args=('2jv1hnp3d7p5ukujbkzmsmklykdsxhld', u'2017-01-02 05:01:02.363000')
2017-01-02 13:01:02,397 [Thread-2:232] [django.db.backends:89] [utils:execute] [DEBUG]- (0.004) SELECT `blog_user`.`id`, `blog_user`.`password`, `blog_user`.`last_login`, `blog_user`.`is_superuser`, `blog_user`.`username`, `blog_user`.`first_name`, `blog_user`.`last_name`, `blog_user`.`email`, `blog_user`.`is_staff`, `blog_user`.`is_active`, `blog_user`.`date_joined`, `blog_user`.`avatar`, `blog_user`.`qq`, `blog_user`.`mobile`, `blog_user`.`url` FROM `blog_user` WHERE `blog_user`.`id` = 1; args=(1,)
2017-01-02 13:01:02,496 [Thread-2:232] [django.db.backends:89] [utils:execute] [DEBUG]- (0.004) SELECT `django_admin_log`.`id`, `django_admin_log`.`action_time`, `django_admin_log`.`user_id`, `django_admin_log`.`content_type_id`, `django_admin_log`.`object_id`, `django_admin_log`.`object_repr`, `django_admin_log`.`action_flag`, `django_admin_log`.`change_message`, `blog_user`.`id`, `blog_user`.`password`, `blog_user`.`last_login`, `blog_user`.`is_superuser`, `blog_user`.`username`, `blog_user`.`first_name`, `blog_user`.`last_name`, `blog_user`.`email`, `blog_user`.`is_staff`, `blog_user`.`is_active`, `blog_user`.`date_joined`, `blog_user`.`avatar`, `blog_user`.`qq`, `blog_user`.`mobile`, `blog_user`.`url`, `django_content_type`.`id`, `django_content_type`.`app_label`, `django_content_type`.`model` FROM `django_admin_log` INNER JOIN `blog_user` ON ( `django_admin_log`.`user_id` = `blog_user`.`id` ) LEFT OUTER JOIN `django_content_type` ON ( `django_admin_log`.`content_type_id` = `django_content_type`.`id` ) WHERE `django_admin_log`.`user_id` = 1 ORDER BY `django_admin_log`.`action_time` DESC LIMIT 10; args=(1,)
2017-01-02 21:10:05,486 [Dummy-1:21084] [django.db.backends:89] [utils:execute] [DEBUG]- (0.000) SET SQL_AUTO_IS_NULL = 0; args=None
2017-01-02 21:10:05,582 [Dummy-1:21084] [django.db.backends:89] [utils:execute] [DEBUG]- (0.001) SET SQL_AUTO_IS_NULL = 0; args=None
2017-01-02 21:10:05,591 [Dummy-1:21084] [django.db.backends:89] [utils:execute] [DEBUG]- (0.004) SHOW FULL TABLES; args=None
2017-01-02 21:10:05,605 [Dummy-1:21084] [django.db.backends:89] [utils:execute] [DEBUG]- (0.003) SELECT `django_migrations`.`app`, `django_migrations`.`name` FROM `django_migrations`; args=()
